AbuMonyaApp/app/build/outputs/mapping/release/seeds.txt
com.abumonyaagency.app.R$layout
com.abumonyaagency.app.R$color
com.abumonyaagency.app.R$id
com.abumonyaagency.app.MainActivity$1
com.abumonyaagency.app.R$mipmap
com.abumonyaagency.app.MainActivity$2
com.abumonyaagency.app.databinding.ActivityMainBinding
com.abumonyaagency.app.R$string
com.abumonyaagency.app.R$style
com.abumonyaagency.app.MainActivity
com.abumonyaagency.app.SplashActivity
com.abumonyaagency.app.R
com.abumonyaagency.app.R$drawable
com.abumonyaagency.app.databinding.ActivitySplashBinding
com.abumonyaagency.app.MainActivity$2: com.abumonyaagency.app.MainActivity this$0
com.abumonyaagency.app.R$drawable: int dot_active
com.abumonyaagency.app.R$id: int swipeRefresh
com.abumonyaagency.app.databinding.ActivityMainBinding: android.widget.RelativeLayout rootView
com.abumonyaagency.app.R$color: int gold_light
com.abumonyaagency.app.R$drawable: int ic_airplane
com.abumonyaagency.app.R$id: int splash_center
com.abumonyaagency.app.MainActivity: android.webkit.WebView webView
com.abumonyaagency.app.R$id: int splash_divider
com.abumonyaagency.app.R$layout: int activity_main
com.abumonyaagency.app.R$id: int splash_title
com.abumonyaagency.app.databinding.ActivityMainBinding: android.widget.ProgressBar progressBar
com.abumonyaagency.app.R$drawable: int splash_overlay
com.abumonyaagency.app.R$string: int website_url
com.abumonyaagency.app.databinding.ActivitySplashBinding: android.widget.ImageView splashLogo
com.abumonyaagency.app.R$drawable: int dot_inactive
com.abumonyaagency.app.databinding.ActivityMainBinding: android.widget.TextView errorMessage
com.abumonyaagency.app.databinding.ActivitySplashBinding: android.widget.FrameLayout rootView
com.abumonyaagency.app.R$id: int splash_logo
com.abumonyaagency.app.MainActivity: androidx.swiperefreshlayout.widget.SwipeRefreshLayout swipeRefresh
com.abumonyaagency.app.databinding.ActivityMainBinding: android.widget.RelativeLayout errorLayout
com.abumonyaagency.app.R$color: int navy_dark
com.abumonyaagency.app.MainActivity: android.widget.ProgressBar progressBar
com.abumonyaagency.app.R$drawable: int ic_launcher_background
com.abumonyaagency.app.R$id: int errorMessage
com.abumonyaagency.app.R$color: int gold
com.abumonyaagency.app.R$color: int white
com.abumonyaagency.app.R$style: int Theme_AbuMonyaApp
com.abumonyaagency.app.R$string: int no_connection
com.abumonyaagency.app.R$string: int app_subtitle
com.abumonyaagency.app.databinding.ActivitySplashBinding: android.view.View splashDivider
com.abumonyaagency.app.R$mipmap: int ic_launcher_round
com.abumonyaagency.app.R$id: int splash_tagline
com.abumonyaagency.app.MainActivity: android.widget.TextView errorMessage
com.abumonyaagency.app.R$layout: int activity_splash
com.abumonyaagency.app.R$id: int webView
com.abumonyaagency.app.R$string: int retry
com.abumonyaagency.app.databinding.ActivitySplashBinding: android.widget.TextView splashSubtitle
com.abumonyaagency.app.R$style: int Theme_Splash
com.abumonyaagency.app.R$drawable: int ic_launcher_foreground
com.abumonyaagency.app.R$color: int navy_light
com.abumonyaagency.app.R$id: int errorLayout
com.abumonyaagency.app.R$mipmap: int ic_launcher
com.abumonyaagency.app.R$color: int white_60
com.abumonyaagency.app.databinding.ActivityMainBinding: androidx.swiperefreshlayout.widget.SwipeRefreshLayout swipeRefresh
com.abumonyaagency.app.R$id: int splash_subtitle
com.abumonyaagency.app.R$drawable: int circle_decoration_bottom
com.abumonyaagency.app.R$drawable: int hero_bg
com.abumonyaagency.app.databinding.ActivitySplashBinding: android.widget.TextView splashTagline
com.abumonyaagency.app.R$drawable: int ic_logo_fg
com.abumonyaagency.app.R$color: int white_80
com.abumonyaagency.app.R$string: int app_name
com.abumonyaagency.app.R$color: int navy
com.abumonyaagency.app.SplashActivity: int SPLASH_DURATION
com.abumonyaagency.app.databinding.ActivitySplashBinding: android.widget.TextView splashTitle
com.abumonyaagency.app.R$drawable: int ic_logo_hires
...
androidx.appcompat.widget.AppCompatTextView: android.view.textclassifier.TextClassifier getTextClassifier()
androidx.core.view.ViewCompat$Api21Impl: java.lang.String getTransitionName(android.view.View)
androidx.constraintlayout.widget.Guideline: void setGuidelinePercent(float)
com.google.android.material.datepicker.MaterialTextInputPicker: MaterialTextInputPicker()
androidx.core.view.ViewConfigurationCompat$Api26Impl: float getScaledHorizontalScrollFactor(android.view.ViewConfiguration)
androidx.core.view.accessibility.AccessibilityManagerCompat$Api19Impl: boolean addTouchExplorationStateChangeListenerWrapper(android.view.accessibility.AccessibilityManager,androidx.core.view.accessibility.AccessibilityManagerCompat$TouchExplorationStateChangeListener)
androidx.core.view.WindowInsetsCompat$Impl20: WindowInsetsCompat$Impl20(androidx.core.view.WindowInsetsCompat,androidx.core.view.WindowInsetsCompat$Impl20)
androidx.core.widget.TextViewCompat$Api17Impl: java.util.Locale getTextLocale(android.widget.TextView)
androidx.core.os.CancellationSignal$Api16Impl: android.os.CancellationSignal createCancellationSignal()
androidx.appcompat.widget.Toolbar: Toolbar(android.content.Context,android.util.AttributeSet)
androidx.activity.ComponentActivity: androidx.lifecycle.Lifecycle getLifecycle()
androidx.appcompat.widget.AppCompatImageButton: android.content.res.ColorStateList getSupportBackgroundTintList()
com.google.android.material.textfield.TextInputLayout: int getBoxBackgroundColor()
androidx.vectordrawable.graphics.drawable.VectorDrawableCompat$VFullPath: void setTrimPathEnd(float)
com.google.android.material.internal.NavigationMenuItemView: void setIconPadding(int)
androidx.core.view.ViewCompat$Api31Impl: void setOnReceiveContentListener(android.view.View,java.lang.String[],androidx.core.view.OnReceiveContentListener)
androidx.appcompat.widget.AppCompatRadioButton: void setEmojiCompatEnabled(boolean)
androidx.appcompat.widget.ContentFrameLayout: android.util.TypedValue getFixedHeightMinor()
androidx.core.view.WindowInsetsCompat$BuilderImpl29: WindowInsetsCompat$BuilderImpl29(androidx.core.view.WindowInsetsCompat)
androidx.core.view.ViewCompat$Api19Impl: boolean isLaidOut(android.view.View)
androidx.vectordrawable.graphics.drawable.VectorDrawableCompat$VGroup: android.graphics.Matrix getLocalMatrix()
com.google.android.material.internal.NavigationMenuView: NavigationMenuView(android.content.Context,android.util.AttributeSet)
androidx.appcompat.widget.AppCompatCheckBox: android.content.res.ColorStateList getSupportButtonTintList()
androidx.vectordrawable.graphics.drawable.VectorDrawableCompat$VFullPath: void setTrimPathStart(float)
androidx.appcompat.widget.AppCompatCheckBox: void setSupportCompoundDrawablesTintMode(android.graphics.PorterDuff$Mode)
androidx.vectordrawable.graphics.drawable.VectorDrawableCompat$VFullPath: float getStrokeWidth()
androidx.core.view.WindowInsetsCompat$Impl21: void setStableInsets(androidx.core.graphics.Insets)
androidx.appcompat.widget.AppCompatEditText: void setSupportCompoundDrawablesTintList(android.content.res.ColorStateList)
com.google.android.material.button.MaterialButtonToggleGroup: int getCheckedButtonId()
androidx.constraintlayout.helper.widget.Flow: void setHorizontalStyle(int)
androidx.fragment.app.FragmentActivity: boolean onPrepareOptionsPanel(android.view.View,android.view.Menu)
androidx.core.widget.TextViewCompat$Api24Impl: android.icu.text.DecimalFormatSymbols getInstance(java.util.Locale)
androidx.appcompat.widget.AppCompatAutoCompleteTextView: void setSupportBackgroundTintMode(android.graphics.PorterDuff$Mode)
com.google.android.material.internal.NavigationMenuItemView: NavigationMenuItemView(android.content.Context,android.util.AttributeSet)
androidx.appcompat.view.menu.ListMenuItemView: void setGroupDividerEnabled(boolean)
androidx.core.view.ViewCompat$Api26Impl: boolean isKeyboardNavigationCluster(android.view.View)