AbuMonyaApp/app/build/outputs/mapping/release/mapping.txt
# compiler: R8
# compiler_version: 8.2.33
# min_api: 21
# common_typos_disable
# {"id":"com.android.tools.r8.mapping","version":"2.2"}
# pg_map_id: 816d0d7
# pg_map_hash: SHA-256 816d0d7383c9d40f7b1db5337d4153a10903855aea2d9071743f401de50042d2
com.abumonyaagency.app.MainActivity -> com.abumonyaagency.app.MainActivity:
# {"id":"sourceFile","fileName":"MainActivity.java"}
    1:1:void $r8$lambda$Bf-qNydlYwu6gLCnVvLzfjWDJXI(com.abumonyaagency.app.MainActivity):0:0 -> e
      # {"id":"com.android.tools.r8.synthesized"}
com.abumonyaagency.app.MainActivity$$ExternalSyntheticApiModelOutline0 -> com.abumonyaagency.app.a:
# {"id":"sourceFile","fileName":"R8$$SyntheticClass"}
# {"id":"com.android.tools.r8.synthesized"}
    1:1:int androidx.core.widget.TextViewCompat$OreoCallback$$InternalSyntheticApiModelOutline$1$a6e6859eeeea66ecd2b0693aaf7e3b24fa0bdb27d8152169d43fcde602cd607f$0.m(android.content.Context,java.lang.String):0:0 -> a
      # {"id":"com.android.tools.r8.synthesized"}
    1:1:int com.abumonyaagency.app.MainActivity$$InternalSyntheticApiModelOutline$1$343f0dac483e0a30dd64957f8f1f96b2a5fb28ef106eb5e25200b92558af319c$0.m(android.content.res.Resources,int,android.content.res.Resources$Theme):0:0 -> b
      # {"id":"com.android.tools.r8.synthesized"}
    1:1:android.text.StaticLayout$Builder com.google.android.material.internal.StaticLayoutBuilderCompat$$InternalSyntheticApiModelOutline$2$885f1a5ee36ad76f0205a7ce4c9e2c716c15792dc899acdb92a88b86ee65d0fb$0.m(java.lang.CharSequence,int,int,android.text.TextPaint,int):0:0 -> c
      # {"id":"com.android.tools.r8.synthesized"}
      # {"id":"com.android.tools.r8.residualsignature","signature":"(Ljava/lang/CharSequence;ILandroid/text/TextPaint;I)Landroid/text/StaticLayout$Builder;"}
    1:1:android.text.StaticLayout com.google.android.material.internal.StaticLayoutBuilderCompat$$InternalSyntheticApiModelOutline$2$885f1a5ee36ad76f0205a7ce4c9e2c716c15792dc899acdb92a88b86ee65d0fb$8.m(android.text.StaticLayout$Builder):0:0 -> d
com.abumonyaagency.app.MainActivity$1 -> com.abumonyaagency.app.MainActivity$1:
# {"id":"sourceFile","fileName":"MainActivity.java"}
com.abumonyaagency.app.MainActivity$2 -> com.abumonyaagency.app.MainActivity$2:
# {"id":"sourceFile","fileName":"MainActivity.java"}
com.abumonyaagency.app.SplashActivity -> com.abumonyaagency.app.SplashActivity:
# {"id":"sourceFile","fileName":"SplashActivity.java"}
    1:1:void $r8$lambda$FTlmqrJw-XKBiV1xQby8ok6Eq2g(com.abumonyaagency.app.SplashActivity):0:0 -> e
      # {"id":"com.android.tools.r8.synthesized"}
com.abumonyaagency.app.databinding.ActivityMainBinding -> com.abumonyaagency.app.databinding.ActivityMainBinding:
# {"id":"sourceFile","fileName":"ActivityMainBinding.java"}
    1:1:android.view.View getRoot():0:0 -> getRoot
    2:2:android.widget.RelativeLayout getRoot():0:0 -> getRoot
    1:1:com.abumonyaagency.app.databinding.ActivityMainBinding inflate(android.view.LayoutInflater):0:0 -> inflate
    2:2:com.abumonyaagency.app.databinding.ActivityMainBinding inflate(android.view.LayoutInflater,android.view.ViewGroup,boolean):0:0 -> inflate
com.abumonyaagency.app.databinding.ActivitySplashBinding -> com.abumonyaagency.app.databinding.ActivitySplashBinding:
# {"id":"sourceFile","fileName":"ActivitySplashBinding.java"}
    1:1:android.view.View getRoot():0:0 -> getRoot
    2:2:android.widget.FrameLayout getRoot():0:0 -> getRoot
    1:1:com.abumonyaagency.app.databinding.ActivitySplashBinding inflate(android.view.LayoutInflater):0:0 -> inflate
    2:2:com.abumonyaagency.app.databinding.ActivitySplashBinding inflate(android.view.LayoutInflater,android.view.ViewGroup,boolean):0:0 -> inflate
...
androidx.core.graphics.ColorUtils -> z.a:
# {"id":"sourceFile","fileName":"ColorUtils.java"}
    java.lang.ThreadLocal TEMP_ARRAY -> a
    1:1:void <clinit>():0:0 -> <clinit>
    161:166:int androidx.core.graphics.ColorUtils.constrain(int,int,int):0:0 -> a
    161:166:int XYZToColor(double,double,double):0 -> a
    167:175:int XYZToColor(double,double,double):0:0 -> a
    176:181:int androidx.core.graphics.ColorUtils.constrain(int,int,int):0:0 -> a
    176:181:int XYZToColor(double,double,double):0 -> a
    182:189:int XYZToColor(double,double,double):0:0 -> a
    190:193:int androidx.core.graphics.ColorUtils.constrain(int,int,int):0:0 -> a
    190:193:int XYZToColor(double,double,double):0 -> a
    194:198:int XYZToColor(double,double,double):0:0 -> a
    15:18:int androidx.core.graphics.ColorUtils.compositeAlpha(int,int):0:0 -> b
    15:18:int compositeColors(int,int):0 -> b
    19:59:int compositeColors(int,int):0:0 -> b
    1:1:int compositeComponent(int,int,int,int,int):0:0 -> c
    1:1:int setAlphaComponent(int,int):0:0 -> d
androidx.core.graphics.Insets -> z.c:
# {"id":"sourceFile","fileName":"Insets.java"}
    int left -> a
    int top -> b
    int right -> c
    int bottom -> d
    androidx.core.graphics.Insets NONE -> e
      # {"id":"com.android.tools.r8.residualsignature","signature":"Lz/c;"}
    1:1:void <clinit>():0:0 -> <clinit>
    1:1:void <init>(int,int,int,int):0:0 -> <init>
    1:1:androidx.core.graphics.Insets max(androidx.core.graphics.Insets,androidx.core.graphics.Insets):0:0 -> a
      # {"id":"com.android.tools.r8.residualsignature","signature":"(Lz/c;Lz/c;)Lz/c;"}
    1:1:androidx.core.graphics.Insets of(int,int,int,int):0:0 -> b
      # {"id":"com.android.tools.r8.residualsignature","signature":"(IIII)Lz/c;"}
    1:1:androidx.core.graphics.Insets toCompatInsets(android.graphics.Insets):0:0 -> c
      # {"id":"com.android.tools.r8.residualsignature","signature":"(Landroid/graphics/Insets;)Lz/c;"}
    1:1:android.graphics.Insets toPlatformInsets():0:0 -> d
    1:1:boolean equals(java.lang.Object):0:0 -> equals
    1:1:int hashCode():0:0 -> hashCode
    1:1:java.lang.String toString():0:0 -> toString
androidx.core.graphics.Insets$Api29Impl -> z.b:
# {"id":"sourceFile","fileName":"Insets.java"}
    1:1:android.graphics.Insets of(int,int,int,int):0:0 -> a
androidx.core.graphics.PaintCompat -> z.e:
# {"id":"sourceFile","fileName":"PaintCompat.java"}
    java.lang.ThreadLocal sRectThreadLocal -> a
    1:1:void <clinit>():0:0 -> <clinit>
androidx.core.graphics.PaintCompat$Api23Impl -> z.d:
# {"id":"sourceFile","fileName":"PaintCompat.java"}
    1:1:boolean hasGlyph(android.graphics.Paint,java.lang.String):0:0 -> a
androidx.core.graphics.PathParser -> R8$$REMOVED$$CLASS$$110:
# {"id":"sourceFile","fileName":"PathParser.java"}
androidx.core.graphics.PathParser$PathDataNode -> z.f:
# {"id":"sourceFile","fileName":"PathParser.java"}
    char mType -> a
    float[] mParams -> b
    1:1:void androidx.core.graphics.PathParser$PathDataNode.arcToBezier(android.graphics.Path,double,double,double,double,double,double,double,double,double):0:0 -> a
    1:1:void drawArc(android.graphics.Path,float,float,float,float,float,float,float,boolean,boolean):0 -> a
    51:912:void androidx.core.graphics.PathParser$PathDataNode.addCommand(android.graphics.Path,float[],char,char,float[]):0:0 -> b
    51:912:void nodesToPath(androidx.core.graphics.PathParser$PathDataNode[],android.graphics.Path):0 -> b
      # {"id":"com.android.tools.r8.residualsignature","signature":"([Lz/f;Landroid/graphics/Path;)V"}
    913:928:void nodesToPath(androidx.core.graphics.PathParser$PathDataNode[],android.graphics.Path):0:0 -> b