AbuMonyaApp/app/build/outputs/mapping/release/usage.txt
com.abumonyaagency.app.MainActivity$$InternalSyntheticLambda$1$343f0dac483e0a30dd64957f8f1f96b2a5fb28ef106eb5e25200b92558af319c$2
com.abumonyaagency.app.SplashActivity$$InternalSyntheticLambda$1$ce4b42f1c5f77c27ddc0dc50f6675e425a9f3e79ca3610dbc552facbbd592965$0
...
androidx.viewpager.R$color
androidx.viewpager.R$dimen
androidx.viewpager.R$drawable
androidx.viewpager.R$id
androidx.viewpager.R$integer
androidx.viewpager.R$layout
androidx.viewpager.R$string
androidx.viewpager.R$style
androidx.viewpager.R$styleable
androidx.viewpager.R
androidx.viewpager.widget.PagerAdapter
androidx.viewpager.widget.PagerTabStrip$1
androidx.viewpager.widget.PagerTabStrip$2
androidx.viewpager.widget.PagerTabStrip
androidx.viewpager.widget.PagerTitleStrip$PageListener
androidx.viewpager.widget.PagerTitleStrip$SingleLineAllCapsTransform
androidx.viewpager.widget.PagerTitleStrip
androidx.viewpager.widget.ViewPager$1
androidx.viewpager.widget.ViewPager$2
androidx.viewpager.widget.ViewPager$3
androidx.viewpager.widget.ViewPager$4
androidx.viewpager.widget.ViewPager$DecorView
androidx.viewpager.widget.ViewPager$ItemInfo
androidx.viewpager.widget.ViewPager$LayoutParams
androidx.viewpager.widget.ViewPager$MyAccessibilityDelegate
androidx.viewpager.widget.ViewPager$OnAdapterChangeListener
androidx.viewpager.widget.ViewPager$OnPageChangeListener
androidx.viewpager.widget.ViewPager$PageTransformer
androidx.viewpager.widget.ViewPager$PagerObserver
androidx.viewpager.widget.ViewPager$SavedState$1
androidx.viewpager.widget.ViewPager$SavedState
androidx.viewpager.widget.ViewPager$SimpleOnPageChangeListener
androidx.viewpager.widget.ViewPager$ViewPositionComparator
androidx.viewpager.widget.ViewPager
androidx.viewpager2.R$attr
androidx.viewpager2.R$color
androidx.viewpager2.R$dimen
androidx.viewpager2.R$drawable
androidx.viewpager2.R$id
androidx.viewpager2.R$integer
androidx.viewpager2.R$layout
androidx.viewpager2.R$string
androidx.viewpager2.R$style
androidx.viewpager2.R$styleable
androidx.viewpager2.R
androidx.viewpager2.adapter.FragmentStateAdapter$1
androidx.viewpager2.adapter.FragmentStateAdapter$2:
    void <init>(androidx.viewpager2.adapter.FragmentStateAdapter,androidx.viewpager2.adapter.FragmentViewHolder)
androidx.viewpager2.adapter.FragmentStateAdapter$3
androidx.viewpager2.adapter.FragmentStateAdapter$4
androidx.viewpager2.adapter.FragmentStateAdapter$5:
    final synthetic androidx.viewpager2.adapter.FragmentStateAdapter this$0
    void <init>(androidx.viewpager2.adapter.FragmentStateAdapter,android.os.Handler,java.lang.Runnable)
androidx.viewpager2.adapter.FragmentStateAdapter$DataSetChangeObserver
androidx.viewpager2.adapter.FragmentStateAdapter$FragmentMaxLifecycleEnforcer$1
androidx.viewpager2.adapter.FragmentStateAdapter$FragmentMaxLifecycleEnforcer$2
androidx.viewpager2.adapter.FragmentStateAdapter$FragmentMaxLifecycleEnforcer$3:
    void <init>(androidx.viewpager2.adapter.FragmentStateAdapter$FragmentMaxLifecycleEnforcer)
androidx.viewpager2.adapter.FragmentStateAdapter$FragmentMaxLifecycleEnforcer:
    private androidx.recyclerview.widget.RecyclerView$AdapterDataObserver mDataObserver
    private androidx.lifecycle.LifecycleEventObserver mLifecycleObserver
    private androidx.viewpager2.widget.ViewPager2$OnPageChangeCallback mPageChangeCallback
    private long mPrimaryItemId
    private androidx.viewpager2.widget.ViewPager2 mViewPager
    final synthetic androidx.viewpager2.adapter.FragmentStateAdapter this$0
    void <init>(androidx.viewpager2.adapter.FragmentStateAdapter)
    private androidx.viewpager2.widget.ViewPager2 inferViewPager(androidx.recyclerview.widget.RecyclerView)
    void register(androidx.recyclerview.widget.RecyclerView)
    void unregister(androidx.recyclerview.widget.RecyclerView)